<?xml version="1.0" encoding="UTF-8"?>
<!-- Generated by org.testng.reporters.JUnitReportReporter -->
<testsuite hostname="DESKTOP-UHP76H8" failures="0" tests="1" name="functional.ROUGH" time="17.142" errors="0" timestamp="2024-04-18T08:19:43 EDT" skipped="0">
  <testcase classname="functional.ROUGH" name="rough" time="17.142"/>
</testsuite> <!-- functional.ROUGH -->
