<?xml version="1.0" encoding="UTF-8"?>
<!-- Generated by org.testng.reporters.JUnitReportReporter -->
<testsuite hostname="DESKTOP-UHP76H8" failures="0" tests="1" name="functional.AC_Scrolling" time="22.032" errors="0" timestamp="2024-04-18T08:16:21 EDT" skipped="0">
  <testcase classname="functional.AC_Scrolling" name="Scrolling" time="22.032"/>
</testsuite> <!-- functional.AC_Scrolling -->
