<?xml version="1.0" encoding="UTF-8"?>
<!-- Generated by org.testng.reporters.JUnitReportReporter -->
<testsuite hostname="DESKTOP-UHP76H8" failures="0" tests="1" name="functional.Login" time="8.012" errors="0" timestamp="2024-04-15T07:49:38 EDT" skipped="0">
  <testcase classname="functional.Login" name="login" time="8.012"/>
</testsuite> <!-- functional.Login -->
