<?xml version="1.0" encoding="UTF-8"?>
<!-- Generated by org.testng.reporters.JUnitReportReporter -->
<testsuite hostname="DESKTOP-UHP76H8" failures="0" tests="3" name="test_scenarios.TestMethods" time="13.807" errors="0" timestamp="2024-04-19T11:02:34 EDT" skipped="0">
  <testcase classname="test_scenarios.TestMethods" name="searching" time="4.675"/>
  <testcase classname="test_scenarios.TestMethods" name="scrollSelect" time="2.318"/>
  <testcase classname="test_scenarios.TestMethods" name="cartAndPlacing" time="6.814"/>
</testsuite> <!-- test_scenarios.TestMethods -->
