<?xml version="1.0" encoding="UTF-8"?>
<!-- Generated by org.testng.reporters.JUnitReportReporter -->
<testsuite hostname="DESKTOP-UHP76H8" failures="0" tests="1" name="functional.AB_SearchBox" time="39.533" errors="0" timestamp="2024-04-18T08:15:51 EDT" skipped="0">
  <testcase classname="functional.AB_SearchBox" name="searchBox" time="39.533"/>
</testsuite> <!-- functional.AB_SearchBox -->
