<?xml version="1.0" encoding="UTF-8"?>
<!-- Generated by org.testng.reporters.JUnitReportReporter -->
<testsuite hostname="DESKTOP-UHP76H8" failures="0" tests="1" name="objects.ROUGH" time="35.061" errors="0" timestamp="2024-04-18T12:40:06 EDT" skipped="0">
  <testcase classname="objects.ROUGH" name="rough" time="35.061"/>
</testsuite> <!-- objects.ROUGH -->
